100%|█████████████████████████████████████████| 118/118 [00:38<00:00,  3.06it/s]
TP: 441
TP+FP: 621
precision: 0.7101449275362319
TP+FN: 604
recall: 0.7301324503311258
f1: 0.72

classification report:
              precision    recall  f1-score   support

     ANATOMY       0.74      0.75      0.74       220
    BOUNDARY       1.00      0.75      0.86         8
     DENSITY       0.78      0.88      0.82         8
    DIAMETER       0.82      0.88      0.85        16
     DISEASE       0.54      0.72      0.62        43
   LUNGFIELD       0.83      0.83      0.83         6
      MARGIN       0.57      0.67      0.62         6
      NATURE       0.00      0.00      0.00         6
       ORGAN       0.62      0.62      0.62        13
    QUANTITY       0.88      0.87      0.87        83
       SHAPE       1.00      0.43      0.60         7
        SIGN       0.66      0.65      0.65       189
     TEXTURE       0.75      0.43      0.55         7
   TREATMENT       0.25      0.33      0.29         9

   micro avg       0.71      0.71      0.71       621
   macro avg       0.67      0.63      0.64       621
weighted avg       0.71      0.71      0.71       621


进程已结束,退出代码0