ssh://bureaux@172.30.2.148:22/home/bureaux/miniconda3/envs/Keras-base/bin/python -u /home/bureaux/Projects/BiLSTMCRF_TimeDistribute/train.py
Using TensorFlow backend.
/home/bureaux/miniconda3/envs/Keras-base/lib/python3.6/site-packages/tensorflow/python/framework/dtypes.py:516: FutureWarning: Passing (type, 1) or '1type' as a synonym of type is deprecated; in a future version of numpy, it will be understood as (type, (1,)) / '(1,)type'.
  _np_qint8 = np.dtype([("qint8", np.int8, 1)])
/home/bureaux/miniconda3/envs/Keras-base/lib/python3.6/site-packages/tensorflow/python/framework/dtypes.py:517: FutureWarning: Passing (type, 1) or '1type' as a synonym of type is deprecated; in a future version of numpy, it will be understood as (type, (1,)) / '(1,)type'.
  _np_quint8 = np.dtype([("quint8", np.uint8, 1)])
/home/bureaux/miniconda3/envs/Keras-base/lib/python3.6/site-packages/tensorflow/python/framework/dtypes.py:518: FutureWarning: Passing (type, 1) or '1type' as a synonym of type is deprecated; in a future version of numpy, it will be understood as (type, (1,)) / '(1,)type'.
  _np_qint16 = np.dtype([("qint16", np.int16, 1)])
/home/bureaux/miniconda3/envs/Keras-base/lib/python3.6/site-packages/tensorflow/python/framework/dtypes.py:519: FutureWarning: Passing (type, 1) or '1type' as a synonym of type is deprecated; in a future version of numpy, it will be understood as (type, (1,)) / '(1,)type'.
  _np_quint16 = np.dtype([("quint16", np.uint16, 1)])
/home/bureaux/miniconda3/envs/Keras-base/lib/python3.6/site-packages/tensorflow/python/framework/dtypes.py:520: FutureWarning: Passing (type, 1) or '1type' as a synonym of type is deprecated; in a future version of numpy, it will be understood as (type, (1,)) / '(1,)type'.
  _np_qint32 = np.dtype([("qint32", np.int32, 1)])
/home/bureaux/miniconda3/envs/Keras-base/lib/python3.6/site-packages/tensorflow/python/framework/dtypes.py:525: FutureWarning: Passing (type, 1) or '1type' as a synonym of type is deprecated; in a future version of numpy, it will be understood as (type, (1,)) / '(1,)type'.
  np_resource = np.dtype([("resource", np.ubyte, 1)])
/home/bureaux/miniconda3/envs/Keras-base/lib/python3.6/site-packages/tensorboard/compat/tensorflow_stub/dtypes.py:541: FutureWarning: Passing (type, 1) or '1type' as a synonym of type is deprecated; in a future version of numpy, it will be understood as (type, (1,)) / '(1,)type'.
  _np_qint8 = np.dtype([("qint8", np.int8, 1)])
/home/bureaux/miniconda3/envs/Keras-base/lib/python3.6/site-packages/tensorboard/compat/tensorflow_stub/dtypes.py:542: FutureWarning: Passing (type, 1) or '1type' as a synonym of type is deprecated; in a future version of numpy, it will be understood as (type, (1,)) / '(1,)type'.
  _np_quint8 = np.dtype([("quint8", np.uint8, 1)])
/home/bureaux/miniconda3/envs/Keras-base/lib/python3.6/site-packages/tensorboard/compat/tensorflow_stub/dtypes.py:543: FutureWarning: Passing (type, 1) or '1type' as a synonym of type is deprecated; in a future version of numpy, it will be understood as (type, (1,)) / '(1,)type'.
  _np_qint16 = np.dtype([("qint16", np.int16, 1)])
/home/bureaux/miniconda3/envs/Keras-base/lib/python3.6/site-packages/tensorboard/compat/tensorflow_stub/dtypes.py:544: FutureWarning: Passing (type, 1) or '1type' as a synonym of type is deprecated; in a future version of numpy, it will be understood as (type, (1,)) / '(1,)type'.
  _np_quint16 = np.dtype([("quint16", np.uint16, 1)])
/home/bureaux/miniconda3/envs/Keras-base/lib/python3.6/site-packages/tensorboard/compat/tensorflow_stub/dtypes.py:545: FutureWarning: Passing (type, 1) or '1type' as a synonym of type is deprecated; in a future version of numpy, it will be understood as (type, (1,)) / '(1,)type'.
  _np_qint32 = np.dtype([("qint32", np.int32, 1)])
/home/bureaux/miniconda3/envs/Keras-base/lib/python3.6/site-packages/tensorboard/compat/tensorflow_stub/dtypes.py:550: FutureWarning: Passing (type, 1) or '1type' as a synonym of type is deprecated; in a future version of numpy, it will be understood as (type, (1,)) / '(1,)type'.
  np_resource = np.dtype([("resource", np.ubyte, 1)])
train_data:
[  1   1   1   1   1   1   1   1   1   1   1   1   1   1   1   1   1   1
   1   1   1   1   1   1   1   1   1   1   1   1   1   1   1   1   1   1
   1   1   1   1   1   1   1   1   1   1   1   1   1   1   1   1   1   1
   1   1   1   1   1   1   1   1   1   1   1   1   1   1   1   1   1   1
   1   1  10  89  34  26  25  18   7  31  14 146  53  45  10  12  11  71
  55 156  16  25  33 108   6 137 144  69  72 324 236 135 250 157 113 365
 199 325 153  47 178  18   7  39  59  10  12  11  75 111  71  55 229  32
   6  77  69  72  47  30  36  18   7  31  14  31 205  45  64  29  24 200
 173  89 272 296 297  61 125  71  55 122 138  47  62  25  13   7  10  12
  11  28  78  52  11  71  55 122 138   6  99 131  61 125   6 457 458  44
 296 297 366 421  47  85  25  43  42  27  39  59  48  49  10  71  55 122
 138   8]
WARNING:tensorflow:From /home/bureaux/miniconda3/envs/Keras-base/lib/python3.6/site-packages/keras/backend/tensorflow_backend.py:74: The name tf.get_default_graph is deprecated. Please use tf.compat.v1.get_default_graph instead.

WARNING:tensorflow:From /home/bureaux/miniconda3/envs/Keras-base/lib/python3.6/site-packages/keras/backend/tensorflow_backend.py:517: The name tf.placeholder is deprecated. Please use tf.compat.v1.placeholder instead.

WARNING:tensorflow:From /home/bureaux/miniconda3/envs/Keras-base/lib/python3.6/site-packages/keras/backend/tensorflow_backend.py:4138: The name tf.random_uniform is deprecated. Please use tf.random.uniform instead.

WARNING:tensorflow:From /home/bureaux/miniconda3/envs/Keras-base/lib/python3.6/site-packages/keras/backend/tensorflow_backend.py:133: The name tf.placeholder_with_default is deprecated. Please use tf.compat.v1.placeholder_with_default instead.

WARNING:tensorflow:From /home/bureaux/miniconda3/envs/Keras-base/lib/python3.6/site-packages/keras/backend/tensorflow_backend.py:3445: calling dropout (from tensorflow.python.ops.nn_ops) with keep_prob is deprecated and will be removed in a future version.
Instructions for updating:
Please use `rate` instead of `keep_prob`. Rate should be set to `rate = 1 - keep_prob`.
_________________________________________________________________
Layer (type)                 Output Shape              Param #
=================================================================
input_1 (InputLayer)         (None, None)              0
_________________________________________________________________
embedding_1 (Embedding)      (None, None, 128)         81408
_________________________________________________________________
bidirectional_1 (Bidirection (None, None, 256)         263168
_________________________________________________________________
dropout_1 (Dropout)          (None, None, 256)         0
_________________________________________________________________
bidirectional_2 (Bidirection (None, None, 128)         164352
_________________________________________________________________
dropout_2 (Dropout)          (None, None, 128)         0
_________________________________________________________________
time_distributed_1 (TimeDist (None, None, 29)          3741
_________________________________________________________________
dropout_3 (Dropout)          (None, None, 29)          0
_________________________________________________________________
crf_1 (CRF)                  (None, None, 29)          1769
=================================================================
Total params: 514,438
Trainable params: 514,438
Non-trainable params: 0
_________________________________________________________________
/home/bureaux/Projects/BiLSTMCRF_TimeDistribute/keras_contrib/layers/crf.py:346: UserWarning: CRF.loss_function is deprecated and it might be removed in the future. Please use losses.crf_loss instead.
  warnings.warn('CRF.loss_function is deprecated '
/home/bureaux/Projects/BiLSTMCRF_TimeDistribute/keras_contrib/layers/crf.py:353: UserWarning: CRF.accuracy is deprecated and it might be removed in the future. Please use metrics.crf_accuracy
  warnings.warn('CRF.accuracy is deprecated and it '
WARNING:tensorflow:From /home/bureaux/miniconda3/envs/Keras-base/lib/python3.6/site-packages/keras/optimizers.py:790: The name tf.train.Optimizer is deprecated. Please use tf.compat.v1.train.Optimizer instead.

WARNING:tensorflow:From /home/bureaux/miniconda3/envs/Keras-base/lib/python3.6/site-packages/tensorflow/python/ops/math_ops.py:2403: add_dispatch_support.<locals>.wrapper (from tensorflow.python.ops.array_ops) is deprecated and will be removed in a future version.
Instructions for updating:
Use tf.where in 2.0, which has the same broadcast rule as np.where
WARNING:tensorflow:From /home/bureaux/miniconda3/envs/Keras-base/lib/python3.6/site-packages/keras/backend/tensorflow_backend.py:986: The name tf.assign_add is deprecated. Please use tf.compat.v1.assign_add instead.

Epoch 1/500
806/806 [==============================] - 15s 18ms/step - loss: 2.4178 - crf_viterbi_accuracy: 0.9106

Epoch 00001: loss improved from inf to 2.41777, saving model to /home/bureaux/Projects/BiLSTMCRF_TimeDistribute/weight/bilstm_ner.h5
Epoch 2/500
806/806 [==============================] - 10s 13ms/step - loss: 0.6370 - crf_viterbi_accuracy: 0.9106

Epoch 00002: loss improved from 2.41777 to 0.63703, saving model to /home/bureaux/Projects/BiLSTMCRF_TimeDistribute/weight/bilstm_ner.h5
Epoch 3/500
806/806 [==============================] - 11s 14ms/step - loss: 0.5295 - crf_viterbi_accuracy: 0.9106

Epoch 00003: loss improved from 0.63703 to 0.52950, saving model to /home/bureaux/Projects/BiLSTMCRF_TimeDistribute/weight/bilstm_ner.h5
Epoch 4/500
806/806 [==============================] - 11s 13ms/step - loss: 0.4184 - crf_viterbi_accuracy: 0.9064

Epoch 00004: loss improved from 0.52950 to 0.41838, saving model to /home/bureaux/Projects/BiLSTMCRF_TimeDistribute/weight/bilstm_ner.h5
Epoch 5/500
806/806 [==============================] - 12s 14ms/step - loss: 0.3422 - crf_viterbi_accuracy: 0.9104

Epoch 00005: loss improved from 0.41838 to 0.34217, saving model to /home/bureaux/Projects/BiLSTMCRF_TimeDistribute/weight/bilstm_ner.h5
Epoch 6/500
806/806 [==============================] - 10s 13ms/step - loss: 0.3164 - crf_viterbi_accuracy: 0.9106

Epoch 00006: loss improved from 0.34217 to 0.31637, saving model to /home/bureaux/Projects/BiLSTMCRF_TimeDistribute/weight/bilstm_ner.h5
Epoch 7/500
806/806 [==============================] - 10s 12ms/step - loss: 0.3003 - crf_viterbi_accuracy: 0.9111

Epoch 00007: loss improved from 0.31637 to 0.30032, saving model to /home/bureaux/Projects/BiLSTMCRF_TimeDistribute/weight/bilstm_ner.h5
Epoch 8/500
806/806 [==============================] - 10s 12ms/step - loss: 0.2906 - crf_viterbi_accuracy: 0.9117

Epoch 00008: loss improved from 0.30032 to 0.29058, saving model to /home/bureaux/Projects/BiLSTMCRF_TimeDistribute/weight/bilstm_ner.h5
Epoch 9/500
806/806 [==============================] - 9s 12ms/step - loss: 0.2837 - crf_viterbi_accuracy: 0.9118

Epoch 00009: loss improved from 0.29058 to 0.28366, saving model to /home/bureaux/Projects/BiLSTMCRF_TimeDistribute/weight/bilstm_ner.h5
Epoch 10/500
806/806 [==============================] - 9s 11ms/step - loss: 0.2770 - crf_viterbi_accuracy: 0.9142

Epoch 00010: loss improved from 0.28366 to 0.27696, saving model to /home/bureaux/Projects/BiLSTMCRF_TimeDistribute/weight/bilstm_ner.h5
Epoch 11/500
806/806 [==============================] - 10s 12ms/step - loss: 0.2713 - crf_viterbi_accuracy: 0.9160

Epoch 00011: loss improved from 0.27696 to 0.27131, saving model to /home/bureaux/Projects/BiLSTMCRF_TimeDistribute/weight/bilstm_ner.h5
Epoch 12/500
806/806 [==============================] - 10s 12ms/step - loss: 0.2664 - crf_viterbi_accuracy: 0.9168

Epoch 00012: loss improved from 0.27131 to 0.26640, saving model to /home/bureaux/Projects/BiLSTMCRF_TimeDistribute/weight/bilstm_ner.h5
Epoch 13/500
806/806 [==============================] - 10s 12ms/step - loss: 0.2607 - crf_viterbi_accuracy: 0.9199

Epoch 00013: loss improved from 0.26640 to 0.26067, saving model to /home/bureaux/Projects/BiLSTMCRF_TimeDistribute/weight/bilstm_ner.h5
Epoch 14/500
806/806 [==============================] - 10s 12ms/step - loss: 0.2550 - crf_viterbi_accuracy: 0.9217

Epoch 00014: loss improved from 0.26067 to 0.25497, saving model to /home/bureaux/Projects/BiLSTMCRF_TimeDistribute/weight/bilstm_ner.h5
Epoch 15/500
806/806 [==============================] - 10s 12ms/step - loss: 0.2507 - crf_viterbi_accuracy: 0.9234

Epoch 00015: loss improved from 0.25497 to 0.25066, saving model to /home/bureaux/Projects/BiLSTMCRF_TimeDistribute/weight/bilstm_ner.h5
Epoch 16/500
806/806 [==============================] - 10s 12ms/step - loss: 0.2453 - crf_viterbi_accuracy: 0.9252

Epoch 00016: loss improved from 0.25066 to 0.24525, saving model to /home/bureaux/Projects/BiLSTMCRF_TimeDistribute/weight/bilstm_ner.h5
Epoch 17/500
806/806 [==============================] - 10s 13ms/step - loss: 0.2400 - crf_viterbi_accuracy: 0.9280

Epoch 00017: loss improved from 0.24525 to 0.24002, saving model to /home/bureaux/Projects/BiLSTMCRF_TimeDistribute/weight/bilstm_ner.h5
Epoch 18/500
806/806 [==============================] - 10s 13ms/step - loss: 0.2347 - crf_viterbi_accuracy: 0.9303

Epoch 00018: loss improved from 0.24002 to 0.23468, saving model to /home/bureaux/Projects/BiLSTMCRF_TimeDistribute/weight/bilstm_ner.h5
Epoch 19/500
806/806 [==============================] - 11s 13ms/step - loss: 0.2288 - crf_viterbi_accuracy: 0.9324

Epoch 00019: loss improved from 0.23468 to 0.22882, saving model to /home/bureaux/Projects/BiLSTMCRF_TimeDistribute/weight/bilstm_ner.h5
Epoch 20/500
806/806 [==============================] - 10s 12ms/step - loss: 0.2228 - crf_viterbi_accuracy: 0.9346

Epoch 00020: loss improved from 0.22882 to 0.22280, saving model to /home/bureaux/Projects/BiLSTMCRF_TimeDistribute/weight/bilstm_ner.h5
Epoch 21/500
806/806 [==============================] - 10s 12ms/step - loss: 0.2146 - crf_viterbi_accuracy: 0.9376

Epoch 00021: loss improved from 0.22280 to 0.21464, saving model to /home/bureaux/Projects/BiLSTMCRF_TimeDistribute/weight/bilstm_ner.h5
Epoch 22/500
806/806 [==============================] - 11s 13ms/step - loss: 0.2091 - crf_viterbi_accuracy: 0.9395

Epoch 00022: loss improved from 0.21464 to 0.20906, saving model to /home/bureaux/Projects/BiLSTMCRF_TimeDistribute/weight/bilstm_ner.h5
Epoch 23/500
806/806 [==============================] - 10s 13ms/step - loss: 0.2023 - crf_viterbi_accuracy: 0.9421

Epoch 00023: loss improved from 0.20906 to 0.20231, saving model to /home/bureaux/Projects/BiLSTMCRF_TimeDistribute/weight/bilstm_ner.h5
Epoch 24/500
806/806 [==============================] - 9s 12ms/step - loss: 0.1944 - crf_viterbi_accuracy: 0.9448

Epoch 00024: loss improved from 0.20231 to 0.19438, saving model to /home/bureaux/Projects/BiLSTMCRF_TimeDistribute/weight/bilstm_ner.h5
Epoch 25/500
806/806 [==============================] - 11s 14ms/step - loss: 0.1863 - crf_viterbi_accuracy: 0.9470

Epoch 00025: loss improved from 0.19438 to 0.18627, saving model to /home/bureaux/Projects/BiLSTMCRF_TimeDistribute/weight/bilstm_ner.h5
Epoch 26/500
806/806 [==============================] - 10s 12ms/step - loss: 0.1796 - crf_viterbi_accuracy: 0.9490

Epoch 00026: loss improved from 0.18627 to 0.17960, saving model to /home/bureaux/Projects/BiLSTMCRF_TimeDistribute/weight/bilstm_ner.h5
Epoch 27/500
806/806 [==============================] - 11s 13ms/step - loss: 0.1716 - crf_viterbi_accuracy: 0.9510

Epoch 00027: loss improved from 0.17960 to 0.17159, saving model to /home/bureaux/Projects/BiLSTMCRF_TimeDistribute/weight/bilstm_ner.h5
Epoch 28/500
806/806 [==============================] - 11s 13ms/step - loss: 0.1648 - crf_viterbi_accuracy: 0.9529

Epoch 00028: loss improved from 0.17159 to 0.16482, saving model to /home/bureaux/Projects/BiLSTMCRF_TimeDistribute/weight/bilstm_ner.h5
Epoch 29/500
806/806 [==============================] - 10s 12ms/step - loss: 0.1571 - crf_viterbi_accuracy: 0.9554

Epoch 00029: loss improved from 0.16482 to 0.15714, saving model to /home/bureaux/Projects/BiLSTMCRF_TimeDistribute/weight/bilstm_ner.h5
Epoch 30/500
806/806 [==============================] - 10s 13ms/step - loss: 0.1507 - crf_viterbi_accuracy: 0.9573

Epoch 00030: loss improved from 0.15714 to 0.15067, saving model to /home/bureaux/Projects/BiLSTMCRF_TimeDistribute/weight/bilstm_ner.h5
Epoch 31/500
806/806 [==============================] - 11s 14ms/step - loss: 0.1454 - crf_viterbi_accuracy: 0.9583

Epoch 00031: loss improved from 0.15067 to 0.14535, saving model to /home/bureaux/Projects/BiLSTMCRF_TimeDistribute/weight/bilstm_ner.h5
Epoch 32/500
806/806 [==============================] - 11s 13ms/step - loss: 0.1382 - crf_viterbi_accuracy: 0.9609

Epoch 00032: loss improved from 0.14535 to 0.13823, saving model to /home/bureaux/Projects/BiLSTMCRF_TimeDistribute/weight/bilstm_ner.h5
Epoch 33/500
806/806 [==============================] - 10s 12ms/step - loss: 0.1334 - crf_viterbi_accuracy: 0.9625

Epoch 00033: loss improved from 0.13823 to 0.13338, saving model to /home/bureaux/Projects/BiLSTMCRF_TimeDistribute/weight/bilstm_ner.h5
Epoch 34/500
806/806 [==============================] - 11s 13ms/step - loss: 0.1274 - crf_viterbi_accuracy: 0.9641

Epoch 00034: loss improved from 0.13338 to 0.12736, saving model to /home/bureaux/Projects/BiLSTMCRF_TimeDistribute/weight/bilstm_ner.h5
Epoch 35/500
806/806 [==============================] - 10s 13ms/step - loss: 0.1229 - crf_viterbi_accuracy: 0.9658

Epoch 00035: loss improved from 0.12736 to 0.12288, saving model to /home/bureaux/Projects/BiLSTMCRF_TimeDistribute/weight/bilstm_ner.h5
Epoch 36/500
806/806 [==============================] - 10s 13ms/step - loss: 0.1188 - crf_viterbi_accuracy: 0.9671

Epoch 00036: loss improved from 0.12288 to 0.11878, saving model to /home/bureaux/Projects/BiLSTMCRF_TimeDistribute/weight/bilstm_ner.h5
Epoch 37/500
806/806 [==============================] - 10s 12ms/step - loss: 0.1146 - crf_viterbi_accuracy: 0.9685

Epoch 00037: loss improved from 0.11878 to 0.11465, saving model to /home/bureaux/Projects/BiLSTMCRF_TimeDistribute/weight/bilstm_ner.h5
Epoch 38/500
806/806 [==============================] - 10s 13ms/step - loss: 0.1109 - crf_viterbi_accuracy: 0.9692

Epoch 00038: loss improved from 0.11465 to 0.11091, saving model to /home/bureaux/Projects/BiLSTMCRF_TimeDistribute/weight/bilstm_ner.h5
Epoch 39/500
806/806 [==============================] - 11s 13ms/step - loss: 0.1077 - crf_viterbi_accuracy: 0.9707

Epoch 00039: loss improved from 0.11091 to 0.10767, saving model to /home/bureaux/Projects/BiLSTMCRF_TimeDistribute/weight/bilstm_ner.h5
Epoch 40/500
806/806 [==============================] - 10s 13ms/step - loss: 0.1045 - crf_viterbi_accuracy: 0.9723

Epoch 00040: loss improved from 0.10767 to 0.10450, saving model to /home/bureaux/Projects/BiLSTMCRF_TimeDistribute/weight/bilstm_ner.h5
Epoch 41/500
806/806 [==============================] - 10s 13ms/step - loss: 0.1013 - crf_viterbi_accuracy: 0.9728

Epoch 00041: loss improved from 0.10450 to 0.10131, saving model to /home/bureaux/Projects/BiLSTMCRF_TimeDistribute/weight/bilstm_ner.h5
Epoch 42/500
806/806 [==============================] - 10s 12ms/step - loss: 0.0987 - crf_viterbi_accuracy: 0.9734

Epoch 00042: loss improved from 0.10131 to 0.09866, saving model to /home/bureaux/Projects/BiLSTMCRF_TimeDistribute/weight/bilstm_ner.h5
Epoch 43/500
806/806 [==============================] - 10s 13ms/step - loss: 0.0982 - crf_viterbi_accuracy: 0.9739

Epoch 00043: loss improved from 0.09866 to 0.09816, saving model to /home/bureaux/Projects/BiLSTMCRF_TimeDistribute/weight/bilstm_ner.h5
Epoch 44/500
806/806 [==============================] - 10s 12ms/step - loss: 0.0938 - crf_viterbi_accuracy: 0.9753

Epoch 00044: loss improved from 0.09816 to 0.09381, saving model to /home/bureaux/Projects/BiLSTMCRF_TimeDistribute/weight/bilstm_ner.h5
Epoch 45/500
806/806 [==============================] - 11s 13ms/step - loss: 0.0913 - crf_viterbi_accuracy: 0.9753

Epoch 00045: loss improved from 0.09381 to 0.09133, saving model to /home/bureaux/Projects/BiLSTMCRF_TimeDistribute/weight/bilstm_ner.h5
Epoch 46/500
806/806 [==============================] - 11s 13ms/step - loss: 0.0888 - crf_viterbi_accuracy: 0.9764

Epoch 00046: loss improved from 0.09133 to 0.08884, saving model to /home/bureaux/Projects/BiLSTMCRF_TimeDistribute/weight/bilstm_ner.h5
Epoch 47/500
806/806 [==============================] - 10s 13ms/step - loss: 0.0863 - crf_viterbi_accuracy: 0.9768

Epoch 00047: loss improved from 0.08884 to 0.08627, saving model to /home/bureaux/Projects/BiLSTMCRF_TimeDistribute/weight/bilstm_ner.h5
Epoch 48/500
806/806 [==============================] - 10s 13ms/step - loss: 0.0841 - crf_viterbi_accuracy: 0.9772

Epoch 00048: loss improved from 0.08627 to 0.08411, saving model to /home/bureaux/Projects/BiLSTMCRF_TimeDistribute/weight/bilstm_ner.h5
Epoch 49/500
806/806 [==============================] - 11s 14ms/step - loss: 0.0823 - crf_viterbi_accuracy: 0.9780

Epoch 00049: loss improved from 0.08411 to 0.08230, saving model to /home/bureaux/Projects/BiLSTMCRF_TimeDistribute/weight/bilstm_ner.h5
Epoch 50/500
806/806 [==============================] - 10s 12ms/step - loss: 0.0809 - crf_viterbi_accuracy: 0.9782

Epoch 00050: loss improved from 0.08230 to 0.08091, saving model to /home/bureaux/Projects/BiLSTMCRF_TimeDistribute/weight/bilstm_ner.h5
Epoch 51/500
806/806 [==============================] - 10s 13ms/step - loss: 0.0787 - crf_viterbi_accuracy: 0.9788

Epoch 00051: loss improved from 0.08091 to 0.07873, saving model to /home/bureaux/Projects/BiLSTMCRF_TimeDistribute/weight/bilstm_ner.h5
Epoch 52/500
806/806 [==============================] - 11s 14ms/step - loss: 0.0762 - crf_viterbi_accuracy: 0.9801

Epoch 00052: loss improved from 0.07873 to 0.07624, saving model to /home/bureaux/Projects/BiLSTMCRF_TimeDistribute/weight/bilstm_ner.h5
Epoch 53/500
806/806 [==============================] - 10s 13ms/step - loss: 0.0744 - crf_viterbi_accuracy: 0.9798

Epoch 00053: loss improved from 0.07624 to 0.07443, saving model to /home/bureaux/Projects/BiLSTMCRF_TimeDistribute/weight/bilstm_ner.h5
Epoch 54/500
806/806 [==============================] - 10s 12ms/step - loss: 0.0721 - crf_viterbi_accuracy: 0.9805

Epoch 00054: loss improved from 0.07443 to 0.07214, saving model to /home/bureaux/Projects/BiLSTMCRF_TimeDistribute/weight/bilstm_ner.h5
Epoch 55/500
806/806 [==============================] - 7s 9ms/step - loss: 0.0709 - crf_viterbi_accuracy: 0.9810

Epoch 00055: loss improved from 0.07214 to 0.07094, saving model to /home/bureaux/Projects/BiLSTMCRF_TimeDistribute/weight/bilstm_ner.h5
Epoch 56/500
806/806 [==============================] - 11s 13ms/step - loss: 0.0687 - crf_viterbi_accuracy: 0.9818

Epoch 00056: loss improved from 0.07094 to 0.06867, saving model to /home/bureaux/Projects/BiLSTMCRF_TimeDistribute/weight/bilstm_ner.h5
Epoch 57/500
806/806 [==============================] - 10s 12ms/step - loss: 0.0691 - crf_viterbi_accuracy: 0.9812

Epoch 00057: loss did not improve from 0.06867
Epoch 58/500
806/806 [==============================] - 10s 12ms/step - loss: 0.0671 - crf_viterbi_accuracy: 0.9815

Epoch 00058: loss improved from 0.06867 to 0.06708, saving model to /home/bureaux/Projects/BiLSTMCRF_TimeDistribute/weight/bilstm_ner.h5
Epoch 59/500
806/806 [==============================] - 10s 12ms/step - loss: 0.0652 - crf_viterbi_accuracy: 0.9821

Epoch 00059: loss improved from 0.06708 to 0.06525, saving model to /home/bureaux/Projects/BiLSTMCRF_TimeDistribute/weight/bilstm_ner.h5
Epoch 60/500
806/806 [==============================] - 9s 12ms/step - loss: 0.0629 - crf_viterbi_accuracy: 0.9827

Epoch 00060: loss improved from 0.06525 to 0.06288, saving model to /home/bureaux/Projects/BiLSTMCRF_TimeDistribute/weight/bilstm_ner.h5
Epoch 61/500
806/806 [==============================] - 10s 12ms/step - loss: 0.0624 - crf_viterbi_accuracy: 0.9833

Epoch 00061: loss improved from 0.06288 to 0.06241, saving model to /home/bureaux/Projects/BiLSTMCRF_TimeDistribute/weight/bilstm_ner.h5
Epoch 62/500
806/806 [==============================] - 10s 12ms/step - loss: 0.0642 - crf_viterbi_accuracy: 0.9828

Epoch 00062: loss did not improve from 0.06241
Epoch 63/500
806/806 [==============================] - 10s 13ms/step - loss: 0.0620 - crf_viterbi_accuracy: 0.9830

Epoch 00063: loss improved from 0.06241 to 0.06199, saving model to /home/bureaux/Projects/BiLSTMCRF_TimeDistribute/weight/bilstm_ner.h5
Epoch 64/500
806/806 [==============================] - 10s 12ms/step - loss: 0.0591 - crf_viterbi_accuracy: 0.9838

Epoch 00064: loss improved from 0.06199 to 0.05908, saving model to /home/bureaux/Projects/BiLSTMCRF_TimeDistribute/weight/bilstm_ner.h5
Epoch 65/500
806/806 [==============================] - 10s 13ms/step - loss: 0.0578 - crf_viterbi_accuracy: 0.9847

Epoch 00065: loss improved from 0.05908 to 0.05775, saving model to /home/bureaux/Projects/BiLSTMCRF_TimeDistribute/weight/bilstm_ner.h5
Epoch 66/500
806/806 [==============================] - 10s 12ms/step - loss: 0.0573 - crf_viterbi_accuracy: 0.9844

Epoch 00066: loss improved from 0.05775 to 0.05731, saving model to /home/bureaux/Projects/BiLSTMCRF_TimeDistribute/weight/bilstm_ner.h5
Epoch 67/500
806/806 [==============================] - 9s 12ms/step - loss: 0.0552 - crf_viterbi_accuracy: 0.9852

Epoch 00067: loss improved from 0.05731 to 0.05522, saving model to /home/bureaux/Projects/BiLSTMCRF_TimeDistribute/weight/bilstm_ner.h5
Epoch 68/500
806/806 [==============================] - 10s 12ms/step - loss: 0.0539 - crf_viterbi_accuracy: 0.9856

Epoch 00068: loss improved from 0.05522 to 0.05389, saving model to /home/bureaux/Projects/BiLSTMCRF_TimeDistribute/weight/bilstm_ner.h5
Epoch 69/500
806/806 [==============================] - 10s 12ms/step - loss: 0.0536 - crf_viterbi_accuracy: 0.9854

Epoch 00069: loss improved from 0.05389 to 0.05356, saving model to /home/bureaux/Projects/BiLSTMCRF_TimeDistribute/weight/bilstm_ner.h5
Epoch 70/500
806/806 [==============================] - 10s 13ms/step - loss: 0.0525 - crf_viterbi_accuracy: 0.9861

Epoch 00070: loss improved from 0.05356 to 0.05250, saving model to /home/bureaux/Projects/BiLSTMCRF_TimeDistribute/weight/bilstm_ner.h5
Epoch 71/500
806/806 [==============================] - 10s 13ms/step - loss: 0.0532 - crf_viterbi_accuracy: 0.9849

Epoch 00071: loss did not improve from 0.05250
Epoch 72/500
806/806 [==============================] - 10s 12ms/step - loss: 0.0506 - crf_viterbi_accuracy: 0.9862

Epoch 00072: loss improved from 0.05250 to 0.05055, saving model to /home/bureaux/Projects/BiLSTMCRF_TimeDistribute/weight/bilstm_ner.h5
Epoch 73/500
806/806 [==============================] - 10s 13ms/step - loss: 0.0496 - crf_viterbi_accuracy: 0.9865

Epoch 00073: loss improved from 0.05055 to 0.04960, saving model to /home/bureaux/Projects/BiLSTMCRF_TimeDistribute/weight/bilstm_ner.h5
Epoch 74/500
806/806 [==============================] - 10s 12ms/step - loss: 0.0484 - crf_viterbi_accuracy: 0.9869

Epoch 00074: loss improved from 0.04960 to 0.04836, saving model to /home/bureaux/Projects/BiLSTMCRF_TimeDistribute/weight/bilstm_ner.h5
Epoch 75/500
806/806 [==============================] - 10s 12ms/step - loss: 0.0477 - crf_viterbi_accuracy: 0.9871

Epoch 00075: loss improved from 0.04836 to 0.04766, saving model to /home/bureaux/Projects/BiLSTMCRF_TimeDistribute/weight/bilstm_ner.h5
Epoch 76/500
806/806 [==============================] - 10s 12ms/step - loss: 0.0467 - crf_viterbi_accuracy: 0.9872

Epoch 00076: loss improved from 0.04766 to 0.04670, saving model to /home/bureaux/Projects/BiLSTMCRF_TimeDistribute/weight/bilstm_ner.h5
Epoch 77/500
806/806 [==============================] - 10s 13ms/step - loss: 0.0462 - crf_viterbi_accuracy: 0.9872

Epoch 00077: loss improved from 0.04670 to 0.04623, saving model to /home/bureaux/Projects/BiLSTMCRF_TimeDistribute/weight/bilstm_ner.h5
Epoch 78/500
806/806 [==============================] - 11s 14ms/step - loss: 0.0456 - crf_viterbi_accuracy: 0.9876

Epoch 00078: loss improved from 0.04623 to 0.04558, saving model to /home/bureaux/Projects/BiLSTMCRF_TimeDistribute/weight/bilstm_ner.h5
Epoch 79/500
806/806 [==============================] - 10s 13ms/step - loss: 0.0447 - crf_viterbi_accuracy: 0.9876

Epoch 00079: loss improved from 0.04558 to 0.04474, saving model to /home/bureaux/Projects/BiLSTMCRF_TimeDistribute/weight/bilstm_ner.h5
Epoch 80/500
806/806 [==============================] - 10s 13ms/step - loss: 0.0434 - crf_viterbi_accuracy: 0.9883

Epoch 00080: loss improved from 0.04474 to 0.04343, saving model to /home/bureaux/Projects/BiLSTMCRF_TimeDistribute/weight/bilstm_ner.h5
Epoch 81/500
806/806 [==============================] - 11s 13ms/step - loss: 0.0426 - crf_viterbi_accuracy: 0.9884

Epoch 00081: loss improved from 0.04343 to 0.04256, saving model to /home/bureaux/Projects/BiLSTMCRF_TimeDistribute/weight/bilstm_ner.h5
Epoch 82/500
806/806 [==============================] - 9s 12ms/step - loss: 0.0412 - crf_viterbi_accuracy: 0.9889

Epoch 00082: loss improved from 0.04256 to 0.04121, saving model to /home/bureaux/Projects/BiLSTMCRF_TimeDistribute/weight/bilstm_ner.h5
Epoch 83/500
806/806 [==============================] - 10s 13ms/step - loss: 0.0411 - crf_viterbi_accuracy: 0.9889

Epoch 00083: loss improved from 0.04121 to 0.04108, saving model to /home/bureaux/Projects/BiLSTMCRF_TimeDistribute/weight/bilstm_ner.h5
Epoch 84/500
806/806 [==============================] - 10s 13ms/step - loss: 0.0405 - crf_viterbi_accuracy: 0.9890

Epoch 00084: loss improved from 0.04108 to 0.04055, saving model to /home/bureaux/Projects/BiLSTMCRF_TimeDistribute/weight/bilstm_ner.h5
Epoch 85/500
806/806 [==============================] - 10s 12ms/step - loss: 0.0395 - crf_viterbi_accuracy: 0.9893

Epoch 00085: loss improved from 0.04055 to 0.03945, saving model to /home/bureaux/Projects/BiLSTMCRF_TimeDistribute/weight/bilstm_ner.h5
Epoch 86/500
806/806 [==============================] - 10s 12ms/step - loss: 0.0384 - crf_viterbi_accuracy: 0.9896

Epoch 00086: loss improved from 0.03945 to 0.03839, saving model to /home/bureaux/Projects/BiLSTMCRF_TimeDistribute/weight/bilstm_ner.h5
Epoch 87/500
806/806 [==============================] - 11s 13ms/step - loss: 0.0379 - crf_viterbi_accuracy: 0.9897

Epoch 00087: loss improved from 0.03839 to 0.03789, saving model to /home/bureaux/Projects/BiLSTMCRF_TimeDistribute/weight/bilstm_ner.h5
Epoch 88/500
806/806 [==============================] - 10s 13ms/step - loss: 0.0374 - crf_viterbi_accuracy: 0.9896

Epoch 00088: loss improved from 0.03789 to 0.03742, saving model to /home/bureaux/Projects/BiLSTMCRF_TimeDistribute/weight/bilstm_ner.h5
Epoch 89/500
806/806 [==============================] - 10s 13ms/step - loss: 0.0372 - crf_viterbi_accuracy: 0.9896

Epoch 00089: loss improved from 0.03742 to 0.03718, saving model to /home/bureaux/Projects/BiLSTMCRF_TimeDistribute/weight/bilstm_ner.h5
Epoch 90/500
806/806 [==============================] - 11s 13ms/step - loss: 0.0363 - crf_viterbi_accuracy: 0.9895

Epoch 00090: loss improved from 0.03718 to 0.03625, saving model to /home/bureaux/Projects/BiLSTMCRF_TimeDistribute/weight/bilstm_ner.h5
Epoch 91/500
806/806 [==============================] - 11s 14ms/step - loss: 0.0355 - crf_viterbi_accuracy: 0.9902

Epoch 00091: loss improved from 0.03625 to 0.03553, saving model to /home/bureaux/Projects/BiLSTMCRF_TimeDistribute/weight/bilstm_ner.h5
Epoch 92/500
806/806 [==============================] - 9s 11ms/step - loss: 0.0345 - crf_viterbi_accuracy: 0.9901

Epoch 00092: loss improved from 0.03553 to 0.03448, saving model to /home/bureaux/Projects/BiLSTMCRF_TimeDistribute/weight/bilstm_ner.h5
Epoch 93/500
806/806 [==============================] - 10s 12ms/step - loss: 0.0344 - crf_viterbi_accuracy: 0.9904

Epoch 00093: loss improved from 0.03448 to 0.03438, saving model to /home/bureaux/Projects/BiLSTMCRF_TimeDistribute/weight/bilstm_ner.h5
Epoch 94/500
806/806 [==============================] - 10s 12ms/step - loss: 0.0336 - crf_viterbi_accuracy: 0.9906

Epoch 00094: loss improved from 0.03438 to 0.03358, saving model to /home/bureaux/Projects/BiLSTMCRF_TimeDistribute/weight/bilstm_ner.h5
Epoch 95/500
806/806 [==============================] - 11s 13ms/step - loss: 0.0335 - crf_viterbi_accuracy: 0.9906

Epoch 00095: loss improved from 0.03358 to 0.03348, saving model to /home/bureaux/Projects/BiLSTMCRF_TimeDistribute/weight/bilstm_ner.h5
Epoch 96/500
806/806 [==============================] - 11s 13ms/step - loss: 0.0331 - crf_viterbi_accuracy: 0.9907

Epoch 00096: loss improved from 0.03348 to 0.03307, saving model to /home/bureaux/Projects/BiLSTMCRF_TimeDistribute/weight/bilstm_ner.h5
Epoch 97/500
806/806 [==============================] - 11s 13ms/step - loss: 0.0324 - crf_viterbi_accuracy: 0.9908

Epoch 00097: loss improved from 0.03307 to 0.03237, saving model to /home/bureaux/Projects/BiLSTMCRF_TimeDistribute/weight/bilstm_ner.h5
Epoch 98/500
806/806 [==============================] - 11s 13ms/step - loss: 0.0317 - crf_viterbi_accuracy: 0.9911

Epoch 00098: loss improved from 0.03237 to 0.03168, saving model to /home/bureaux/Projects/BiLSTMCRF_TimeDistribute/weight/bilstm_ner.h5
Epoch 99/500
806/806 [==============================] - 11s 13ms/step - loss: 0.0314 - crf_viterbi_accuracy: 0.9916

Epoch 00099: loss improved from 0.03168 to 0.03144, saving model to /home/bureaux/Projects/BiLSTMCRF_TimeDistribute/weight/bilstm_ner.h5
Epoch 100/500
806/806 [==============================] - 12s 15ms/step - loss: 0.0303 - crf_viterbi_accuracy: 0.9918

Epoch 00100: loss improved from 0.03144 to 0.03035, saving model to /home/bureaux/Projects/BiLSTMCRF_TimeDistribute/weight/bilstm_ner.h5
Epoch 101/500
806/806 [==============================] - 11s 14ms/step - loss: 0.0305 - crf_viterbi_accuracy: 0.9917

Epoch 00101: loss did not improve from 0.03035
Epoch 102/500
806/806 [==============================] - 11s 14ms/step - loss: 0.0303 - crf_viterbi_accuracy: 0.9914

Epoch 00102: loss improved from 0.03035 to 0.03031, saving model to /home/bureaux/Projects/BiLSTMCRF_TimeDistribute/weight/bilstm_ner.h5
Epoch 103/500
806/806 [==============================] - 12s 14ms/step - loss: 0.0293 - crf_viterbi_accuracy: 0.9918

Epoch 00103: loss improved from 0.03031 to 0.02926, saving model to /home/bureaux/Projects/BiLSTMCRF_TimeDistribute/weight/bilstm_ner.h5
Epoch 104/500
806/806 [==============================] - 11s 13ms/step - loss: 0.0288 - crf_viterbi_accuracy: 0.9920

Epoch 00104: loss improved from 0.02926 to 0.02878, saving model to /home/bureaux/Projects/BiLSTMCRF_TimeDistribute/weight/bilstm_ner.h5
Epoch 105/500
806/806 [==============================] - 10s 12ms/step - loss: 0.0285 - crf_viterbi_accuracy: 0.9918

Epoch 00105: loss improved from 0.02878 to 0.02846, saving model to /home/bureaux/Projects/BiLSTMCRF_TimeDistribute/weight/bilstm_ner.h5
Epoch 106/500
806/806 [==============================] - 10s 12ms/step - loss: 0.0280 - crf_viterbi_accuracy: 0.9920

Epoch 00106: loss improved from 0.02846 to 0.02805, saving model to /home/bureaux/Projects/BiLSTMCRF_TimeDistribute/weight/bilstm_ner.h5
Epoch 107/500
806/806 [==============================] - 10s 13ms/step - loss: 0.0283 - crf_viterbi_accuracy: 0.9922

Epoch 00107: loss did not improve from 0.02805
Epoch 108/500
806/806 [==============================] - 10s 12ms/step - loss: 0.0271 - crf_viterbi_accuracy: 0.9928

Epoch 00108: loss improved from 0.02805 to 0.02710, saving model to /home/bureaux/Projects/BiLSTMCRF_TimeDistribute/weight/bilstm_ner.h5
Epoch 109/500
806/806 [==============================] - 10s 12ms/step - loss: 0.0266 - crf_viterbi_accuracy: 0.9926

Epoch 00109: loss improved from 0.02710 to 0.02657, saving model to /home/bureaux/Projects/BiLSTMCRF_TimeDistribute/weight/bilstm_ner.h5
Epoch 110/500
806/806 [==============================] - 10s 12ms/step - loss: 0.0264 - crf_viterbi_accuracy: 0.9928

Epoch 00110: loss improved from 0.02657 to 0.02641, saving model to /home/bureaux/Projects/BiLSTMCRF_TimeDistribute/weight/bilstm_ner.h5
Epoch 111/500
806/806 [==============================] - 10s 13ms/step - loss: 0.0252 - crf_viterbi_accuracy: 0.9930

Epoch 00111: loss improved from 0.02641 to 0.02515, saving model to /home/bureaux/Projects/BiLSTMCRF_TimeDistribute/weight/bilstm_ner.h5
Epoch 112/500
806/806 [==============================] - 11s 13ms/step - loss: 0.0250 - crf_viterbi_accuracy: 0.9931

Epoch 00112: loss improved from 0.02515 to 0.02497, saving model to /home/bureaux/Projects/BiLSTMCRF_TimeDistribute/weight/bilstm_ner.h5
Epoch 113/500
806/806 [==============================] - 11s 14ms/step - loss: 0.0247 - crf_viterbi_accuracy: 0.9931

Epoch 00113: loss improved from 0.02497 to 0.02473, saving model to /home/bureaux/Projects/BiLSTMCRF_TimeDistribute/weight/bilstm_ner.h5
Epoch 114/500
806/806 [==============================] - 10s 13ms/step - loss: 0.0240 - crf_viterbi_accuracy: 0.9934

Epoch 00114: loss improved from 0.02473 to 0.02399, saving model to /home/bureaux/Projects/BiLSTMCRF_TimeDistribute/weight/bilstm_ner.h5
Epoch 115/500
806/806 [==============================] - 11s 14ms/step - loss: 0.0241 - crf_viterbi_accuracy: 0.9934

Epoch 00115: loss did not improve from 0.02399
Epoch 116/500
806/806 [==============================] - 10s 13ms/step - loss: 0.0246 - crf_viterbi_accuracy: 0.9933

Epoch 00116: loss did not improve from 0.02399
Epoch 117/500
806/806 [==============================] - 11s 13ms/step - loss: 0.0240 - crf_viterbi_accuracy: 0.9934

Epoch 00117: ReduceLROnPlateau reducing learning rate to 0.0005000000237487257.

Epoch 00117: loss improved from 0.02399 to 0.02396, saving model to /home/bureaux/Projects/BiLSTMCRF_TimeDistribute/weight/bilstm_ner.h5
Epoch 118/500
806/806 [==============================] - 10s 13ms/step - loss: 0.0238 - crf_viterbi_accuracy: 0.9933

Epoch 00118: loss improved from 0.02396 to 0.02381, saving model to /home/bureaux/Projects/BiLSTMCRF_TimeDistribute/weight/bilstm_ner.h5
Epoch 119/500
806/806 [==============================] - 11s 13ms/step - loss: 0.0227 - crf_viterbi_accuracy: 0.9936

Epoch 00119: loss improved from 0.02381 to 0.02272, saving model to /home/bureaux/Projects/BiLSTMCRF_TimeDistribute/weight/bilstm_ner.h5
Epoch 120/500
806/806 [==============================] - 10s 12ms/step - loss: 0.0227 - crf_viterbi_accuracy: 0.9939

Epoch 00120: loss improved from 0.02272 to 0.02266, saving model to /home/bureaux/Projects/BiLSTMCRF_TimeDistribute/weight/bilstm_ner.h5
Epoch 121/500
806/806 [==============================] - 9s 11ms/step - loss: 0.0225 - crf_viterbi_accuracy: 0.9940

Epoch 00121: loss improved from 0.02266 to 0.02253, saving model to /home/bureaux/Projects/BiLSTMCRF_TimeDistribute/weight/bilstm_ner.h5
Epoch 122/500
806/806 [==============================] - 10s 12ms/step - loss: 0.0212 - crf_viterbi_accuracy: 0.9946

Epoch 00122: loss improved from 0.02253 to 0.02123, saving model to /home/bureaux/Projects/BiLSTMCRF_TimeDistribute/weight/bilstm_ner.h5
Epoch 123/500
806/806 [==============================] - 10s 12ms/step - loss: 0.0212 - crf_viterbi_accuracy: 0.9943

Epoch 00123: loss did not improve from 0.02123
Epoch 124/500
806/806 [==============================] - 9s 12ms/step - loss: 0.0215 - crf_viterbi_accuracy: 0.9943

Epoch 00124: loss did not improve from 0.02123
Epoch 125/500
806/806 [==============================] - 9s 11ms/step - loss: 0.0208 - crf_viterbi_accuracy: 0.9942

Epoch 00125: loss improved from 0.02123 to 0.02081, saving model to /home/bureaux/Projects/BiLSTMCRF_TimeDistribute/weight/bilstm_ner.h5
Epoch 126/500
806/806 [==============================] - 9s 11ms/step - loss: 0.0209 - crf_viterbi_accuracy: 0.9947

Epoch 00126: loss did not improve from 0.02081
Epoch 127/500
806/806 [==============================] - 9s 11ms/step - loss: 0.0209 - crf_viterbi_accuracy: 0.9942

Epoch 00127: loss did not improve from 0.02081
Epoch 128/500
806/806 [==============================] - 9s 11ms/step - loss: 0.0208 - crf_viterbi_accuracy: 0.9945

Epoch 00128: ReduceLROnPlateau reducing learning rate to 0.0002500000118743628.

Epoch 00128: loss improved from 0.02081 to 0.02079, saving model to /home/bureaux/Projects/BiLSTMCRF_TimeDistribute/weight/bilstm_ner.h5
Epoch 129/500
806/806 [==============================] - 9s 12ms/step - loss: 0.0203 - crf_viterbi_accuracy: 0.9948

Epoch 00129: loss improved from 0.02079 to 0.02028, saving model to /home/bureaux/Projects/BiLSTMCRF_TimeDistribute/weight/bilstm_ner.h5
Epoch 130/500
806/806 [==============================] - 11s 13ms/step - loss: 0.0201 - crf_viterbi_accuracy: 0.9946

Epoch 00130: loss improved from 0.02028 to 0.02006, saving model to /home/bureaux/Projects/BiLSTMCRF_TimeDistribute/weight/bilstm_ner.h5
Epoch 131/500
806/806 [==============================] - 10s 12ms/step - loss: 0.0198 - crf_viterbi_accuracy: 0.9947

Epoch 00131: loss improved from 0.02006 to 0.01983, saving model to /home/bureaux/Projects/BiLSTMCRF_TimeDistribute/weight/bilstm_ner.h5
Epoch 132/500
806/806 [==============================] - 9s 11ms/step - loss: 0.0200 - crf_viterbi_accuracy: 0.9948

Epoch 00132: loss did not improve from 0.01983
Epoch 133/500
806/806 [==============================] - 9s 12ms/step - loss: 0.0200 - crf_viterbi_accuracy: 0.9948

Epoch 00133: loss did not improve from 0.01983
Epoch 134/500
806/806 [==============================] - 10s 12ms/step - loss: 0.0193 - crf_viterbi_accuracy: 0.9950

Epoch 00134: loss improved from 0.01983 to 0.01931, saving model to /home/bureaux/Projects/BiLSTMCRF_TimeDistribute/weight/bilstm_ner.h5
Epoch 135/500
806/806 [==============================] - 10s 12ms/step - loss: 0.0196 - crf_viterbi_accuracy: 0.9948

Epoch 00135: loss did not improve from 0.01931
Epoch 136/500
806/806 [==============================] - 9s 11ms/step - loss: 0.0194 - crf_viterbi_accuracy: 0.9949

Epoch 00136: loss did not improve from 0.01931
Epoch 137/500
806/806 [==============================] - 10s 12ms/step - loss: 0.0196 - crf_viterbi_accuracy: 0.9949

Epoch 00137: ReduceLROnPlateau reducing learning rate to 0.0001250000059371814.

Epoch 00137: loss did not improve from 0.01931
Epoch 138/500
806/806 [==============================] - 9s 11ms/step - loss: 0.0191 - crf_viterbi_accuracy: 0.9949

Epoch 00138: loss improved from 0.01931 to 0.01910, saving model to /home/bureaux/Projects/BiLSTMCRF_TimeDistribute/weight/bilstm_ner.h5
Epoch 139/500
806/806 [==============================] - 10s 12ms/step - loss: 0.0192 - crf_viterbi_accuracy: 0.9948

Epoch 00139: loss did not improve from 0.01910
Epoch 140/500
806/806 [==============================] - 9s 12ms/step - loss: 0.0193 - crf_viterbi_accuracy: 0.9947

Epoch 00140: loss did not improve from 0.01910
Epoch 141/500
806/806 [==============================] - 10s 12ms/step - loss: 0.0193 - crf_viterbi_accuracy: 0.9950

Epoch 00141: ReduceLROnPlateau reducing learning rate to 6.25000029685907e-05.

Epoch 00141: loss did not improve from 0.01910
Epoch 142/500
806/806 [==============================] - 10s 13ms/step - loss: 0.0190 - crf_viterbi_accuracy: 0.9952

Epoch 00142: loss improved from 0.01910 to 0.01903, saving model to /home/bureaux/Projects/BiLSTMCRF_TimeDistribute/weight/bilstm_ner.h5
Epoch 143/500
806/806 [==============================] - 10s 12ms/step - loss: 0.0191 - crf_viterbi_accuracy: 0.9950

Epoch 00143: loss did not improve from 0.01903
Epoch 144/500
806/806 [==============================] - 10s 12ms/step - loss: 0.0187 - crf_viterbi_accuracy: 0.9952

Epoch 00144: loss improved from 0.01903 to 0.01868, saving model to /home/bureaux/Projects/BiLSTMCRF_TimeDistribute/weight/bilstm_ner.h5
Epoch 145/500
806/806 [==============================] - 9s 12ms/step - loss: 0.0189 - crf_viterbi_accuracy: 0.9949

Epoch 00145: loss did not improve from 0.01868
Epoch 146/500
806/806 [==============================] - 9s 11ms/step - loss: 0.0185 - crf_viterbi_accuracy: 0.9952

Epoch 00146: loss improved from 0.01868 to 0.01854, saving model to /home/bureaux/Projects/BiLSTMCRF_TimeDistribute/weight/bilstm_ner.h5
Epoch 147/500
806/806 [==============================] - 9s 12ms/step - loss: 0.0188 - crf_viterbi_accuracy: 0.9951

Epoch 00147: loss did not improve from 0.01854
Epoch 148/500
806/806 [==============================] - 9s 12ms/step - loss: 0.0189 - crf_viterbi_accuracy: 0.9951

Epoch 00148: loss did not improve from 0.01854
Epoch 149/500
806/806 [==============================] - 9s 11ms/step - loss: 0.0188 - crf_viterbi_accuracy: 0.9951

Epoch 00149: ReduceLROnPlateau reducing learning rate to 3.125000148429535e-05.

Epoch 00149: loss did not improve from 0.01854
Epoch 150/500
806/806 [==============================] - 10s 12ms/step - loss: 0.0185 - crf_viterbi_accuracy: 0.9952

Epoch 00150: loss improved from 0.01854 to 0.01847, saving model to /home/bureaux/Projects/BiLSTMCRF_TimeDistribute/weight/bilstm_ner.h5
Epoch 151/500
806/806 [==============================] - 10s 12ms/step - loss: 0.0190 - crf_viterbi_accuracy: 0.9951

Epoch 00151: loss did not improve from 0.01847
Epoch 152/500
806/806 [==============================] - 10s 12ms/step - loss: 0.0186 - crf_viterbi_accuracy: 0.9951

Epoch 00152: ReduceLROnPlateau reducing learning rate to 1.5625000742147677e-05.

Epoch 00152: loss did not improve from 0.01847
Epoch 153/500
806/806 [==============================] - 10s 12ms/step - loss: 0.0189 - crf_viterbi_accuracy: 0.9950

Epoch 00153: loss did not improve from 0.01847
Epoch 154/500
806/806 [==============================] - 10s 13ms/step - loss: 0.0189 - crf_viterbi_accuracy: 0.9953

Epoch 00154: loss did not improve from 0.01847
Epoch 155/500
806/806 [==============================] - 8s 10ms/step - loss: 0.0190 - crf_viterbi_accuracy: 0.9951

Epoch 00155: ReduceLROnPlateau reducing learning rate to 7.812500371073838e-06.

Epoch 00155: loss did not improve from 0.01847
Epoch 156/500
806/806 [==============================] - 10s 12ms/step - loss: 0.0189 - crf_viterbi_accuracy: 0.9950

Epoch 00156: loss did not improve from 0.01847
Epoch 157/500
806/806 [==============================] - 10s 12ms/step - loss: 0.0187 - crf_viterbi_accuracy: 0.9951

Epoch 00157: loss did not improve from 0.01847
Epoch 158/500
806/806 [==============================] - 10s 12ms/step - loss: 0.0188 - crf_viterbi_accuracy: 0.9951

Epoch 00158: ReduceLROnPlateau reducing learning rate to 3.906250185536919e-06.

Epoch 00158: loss did not improve from 0.01847
Epoch 159/500
806/806 [==============================] - 10s 12ms/step - loss: 0.0187 - crf_viterbi_accuracy: 0.9953

Epoch 00159: loss did not improve from 0.01847
Epoch 160/500
806/806 [==============================] - 9s 11ms/step - loss: 0.0186 - crf_viterbi_accuracy: 0.9950

Epoch 00160: loss did not improve from 0.01847
Epoch 00160: early stopping
118/118 [==============================] - 2s 19ms/step
Test Set: [Loss , Accuracy]:
[0.10317811887648146, 0.978050853236247]
/home/bureaux/miniconda3/envs/Keras-base/lib/python3.6/site-packages/sklearn/metrics/_classification.py:1248: UndefinedMetricWarning: Recall is ill-defined and being set to 0.0 in labels with no true samples. Use `zero_division` parameter to control this behavior.
  _warn_prf(average, modifier, msg_start, len(result))

进程已结束,退出代码0
